<?xml version="1.0" encoding="utf-8"?><testsuites name="pytest tests"><testsuite name="pytest" errors="0" failures="16" skipped="0" tests="20" time="58.311" timestamp="2026-03-28T20:50:10.339231-05:00" hostname="MycroftHolmes"><testcase classname="tests.unit.test_summarizer.TestAIIntegration" name="test_successful_ai_summary" time="4.291"><failure message="tenacity.RetryError: RetryError[&lt;Future at 0x23748f77ed0 state=finished raised TypeError&gt;]">E   TypeError: RepositorySummarizer.summarize_repository() got an unexpected keyword argument 'repository'

The above exception was the direct cause of the following exception:
E   tenacity.RetryError: RetryError[&lt;Future at 0x23748f77ed0 state=finished raised TypeError&gt;]</failure></testcase><testcase classname="tests.unit.test_summarizer.TestAIIntegration" name="test_ai_api_error_fallback" time="4.277"><failure message="tenacity.RetryError: RetryError[&lt;Future at 0x23749312570 state=finished raised TypeError&gt;]">E   TypeError: RepositorySummarizer.summarize_repository() got an unexpected keyword argument 'repository'

The above exception was the direct cause of the following exception:
E   tenacity.RetryError: RetryError[&lt;Future at 0x23749312570 state=finished raised TypeError&gt;]</failure></testcase><testcase classname="tests.unit.test_summarizer.TestAIIntegration" name="test_retry_logic" time="4.282"><failure message="tenacity.RetryError: RetryError[&lt;Future at 0x2374934e150 state=finished raised TypeError&gt;]">E   TypeError: RepositorySummarizer.summarize_repository() got an unexpected keyword argument 'repository'

The above exception was the direct cause of the following exception:
E   tenacity.RetryError: RetryError[&lt;Future at 0x2374934e150 state=finished raised TypeError&gt;]</failure></testcase><testcase classname="tests.unit.test_summarizer.TestREADMETruncation" name="test_readme_truncation_for_context_window" time="0.311" /><testcase classname="tests.unit.test_summarizer.TestREADMETruncation" name="test_short_readme_not_truncated" time="0.283" /><testcase classname="tests.unit.test_summarizer.TestREADMETruncation" name="test_truncation_preserves_beginning" time="0.287" /><testcase classname="tests.unit.test_summarizer.TestPromptEngineering" name="test_prompt_includes_repo_metadata" time="4.297"><failure message="tenacity.RetryError: RetryError[&lt;Future at 0x2374935b200 state=finished raised AttributeError&gt;]">E   AttributeError: 'CommitHistory' object has no attribute 'split'

The above exception was the direct cause of the following exception:
E   tenacity.RetryError: RetryError[&lt;Future at 0x2374935b200 state=finished raised AttributeError&gt;]</failure></testcase><testcase classname="tests.unit.test_summarizer.TestPromptEngineering" name="test_prompt_includes_commit_analysis" time="4.263"><failure message="tenacity.RetryError: RetryError[&lt;Future at 0x237492c7930 state=finished raised AttributeError&gt;]">E   AttributeError: 'CommitHistory' object has no attribute 'split'

The above exception was the direct cause of the following exception:
E   tenacity.RetryError: RetryError[&lt;Future at 0x237492c7930 state=finished raised AttributeError&gt;]</failure></testcase><testcase classname="tests.unit.test_summarizer.TestFallbackStrategies" name="test_enhanced_template_with_readme" time="0.274"><failure message="AttributeError: 'RepositorySummarizer' object has no attribute '_generate_enhanced_template_summary'">E   AttributeError: 'RepositorySummarizer' object has no attribute '_generate_enhanced_template_summary'</failure></testcase><testcase classname="tests.unit.test_summarizer.TestFallbackStrategies" name="test_basic_template_without_readme" time="0.280"><failure message="AttributeError: 'RepositorySummarizer' object has no attribute '_generate_basic_template_summary'">E   AttributeError: 'RepositorySummarizer' object has no attribute '_generate_basic_template_summary'</failure></testcase><testcase classname="tests.unit.test_summarizer.TestFallbackStrategies" name="test_no_readme_fallback_scenario" time="4.280"><failure message="tenacity.RetryError: RetryError[&lt;Future at 0x23749570890 state=finished raised TypeError&gt;]">E   TypeError: RepositorySummarizer.summarize_repository() got an unexpected keyword argument 'repository'

The above exception was the direct cause of the following exception:
E   tenacity.RetryError: RetryError[&lt;Future at 0x23749570890 state=finished raised TypeError&gt;]</failure></testcase><testcase classname="tests.unit.test_summarizer.TestFallbackStrategies" name="test_no_readme_with_ai_available" time="4.408"><failure message="tenacity.RetryError: RetryError[&lt;Future at 0x237494a91d0 state=finished raised TypeError&gt;]">E   TypeError: RepositorySummarizer.summarize_repository() got an unexpected keyword argument 'repository'

The above exception was the direct cause of the following exception:
E   tenacity.RetryError: RetryError[&lt;Future at 0x237494a91d0 state=finished raised TypeError&gt;]</failure></testcase><testcase classname="tests.unit.test_summarizer.TestCostTracking" name="test_token_usage_logging" time="4.367"><failure message="tenacity.RetryError: RetryError[&lt;Future at 0x23749660650 state=finished raised AttributeError&gt;]">E   AttributeError: 'CommitHistory' object has no attribute 'split'

The above exception was the direct cause of the following exception:
E   tenacity.RetryError: RetryError[&lt;Future at 0x23749660650 state=finished raised AttributeError&gt;]</failure></testcase><testcase classname="tests.unit.test_summarizer.TestCostTracking" name="test_cost_calculation" time="4.298"><failure message="tenacity.RetryError: RetryError[&lt;Future at 0x237495b4bd0 state=finished raised AttributeError&gt;]">E   AttributeError: 'CommitHistory' object has no attribute 'split'

The above exception was the direct cause of the following exception:
E   tenacity.RetryError: RetryError[&lt;Future at 0x237495b4bd0 state=finished raised AttributeError&gt;]</failure></testcase><testcase classname="tests.unit.test_summarizer.TestErrorHandling" name="test_empty_readme" time="4.270"><failure message="tenacity.RetryError: RetryError[&lt;Future at 0x23749454dd0 state=finished raised AttributeError&gt;]">E   AttributeError: 'CommitHistory' object has no attribute 'split'

The above exception was the direct cause of the following exception:
E   tenacity.RetryError: RetryError[&lt;Future at 0x23749454dd0 state=finished raised AttributeError&gt;]</failure></testcase><testcase classname="tests.unit.test_summarizer.TestErrorHandling" name="test_malformed_readme" time="4.266"><failure message="tenacity.RetryError: RetryError[&lt;Future at 0x237494218d0 state=finished raised AttributeError&gt;]">E   AttributeError: 'CommitHistory' object has no attribute 'split'

The above exception was the direct cause of the following exception:
E   tenacity.RetryError: RetryError[&lt;Future at 0x237494218d0 state=finished raised AttributeError&gt;]</failure></testcase><testcase classname="tests.unit.test_summarizer.TestErrorHandling" name="test_missing_api_key" time="0.266" /><testcase classname="tests.unit.test_summarizer.TestErrorHandling" name="test_api_timeout_fallback" time="4.261"><failure message="tenacity.RetryError: RetryError[&lt;Future at 0x237491db050 state=finished raised AttributeError&gt;]">E   AttributeError: 'CommitHistory' object has no attribute 'split'

The above exception was the direct cause of the following exception:
E   tenacity.RetryError: RetryError[&lt;Future at 0x237491db050 state=finished raised AttributeError&gt;]</failure></testcase><testcase classname="tests.unit.test_summarizer.TestSummaryQuality" name="test_summary_mentions_key_features" time="4.269"><failure message="tenacity.RetryError: RetryError[&lt;Future at 0x2374946f4d0 state=finished raised AttributeError&gt;]">E   AttributeError: 'CommitHistory' object has no attribute 'split'

The above exception was the direct cause of the following exception:
E   tenacity.RetryError: RetryError[&lt;Future at 0x2374946f4d0 state=finished raised AttributeError&gt;]</failure></testcase><testcase classname="tests.unit.test_summarizer.TestSummaryQuality" name="test_template_summary_structure" time="0.273"><failure message="AttributeError: 'RepositorySummarizer' object has no attribute '_generate_basic_template_summary'">E   AttributeError: 'RepositorySummarizer' object has no attribute '_generate_basic_template_summary'</failure></testcase></testsuite></testsuites>